capstonemsib/app/build/intermediates/manifest_merge_blame_file/debug/manifest-merger-blame-debug-report.txt
1<?xml version="1.0" encoding="utf-8"?>
2<manifest xmlns:android="http://schemas.android.com/apk/res/android"
3    package="com.aldion.capstonemsib"
4    android:versionCode="1"
5    android:versionName="1.0" >
6
7    <uses-sdk
8        android:minSdkVersion="25"
8-->src/main/AndroidManifest.xml
9        android:targetSdkVersion="31" />
9-->src/main/AndroidManifest.xml
10
11    <uses-permission android:name="android.permission.INTERNET" />
11-->src/main/AndroidManifest.xml:5:5-67
11-->src/main/AndroidManifest.xml:5:22-64
12    <uses-permission android:name="android.permission.ACCESS_WIFI_STATE" />
12-->src/main/AndroidManifest.xml:6:5-76
12-->src/main/AndroidManifest.xml:6:22-73
13    <uses-permission android:name="android.permission.ACCESS_NETWORK_STATE" />
13-->src/main/AndroidManifest.xml:7:5-79
13-->src/main/AndroidManifest.xml:7:22-76
14    <uses-permission android:name="android.permission.CAMERA" />
14-->src/main/AndroidManifest.xml:8:5-65
14-->src/main/AndroidManifest.xml:8:22-62
15    <uses-permission android:name="android.permission.WRITE_EXTERNAL_STORAGE" />
15-->src/main/AndroidManifest.xml:9:5-81
15-->src/main/AndroidManifest.xml:9:22-78
16
17    <uses-permission-sdk-23 android:name="android.permission.INTERNET" />
17-->src/main/AndroidManifest.xml:11:5-74
17-->src/main/AndroidManifest.xml:11:29-71
18    <uses-permission-sdk-23 android:name="android.permission.ACCESS_WIFI_STATE" />
18-->src/main/AndroidManifest.xml:12:5-83
18-->src/main/AndroidManifest.xml:12:29-80
19    <uses-permission-sdk-23 android:name="android.permission.ACCESS_NETWORK_STATE" />
19-->src/main/AndroidManifest.xml:13:5-86
19-->src/main/AndroidManifest.xml:13:29-83
20    <uses-permission-sdk-23 android:name="android.permission.CAMERA" />
20-->src/main/AndroidManifest.xml:14:5-72
20-->src/main/AndroidManifest.xml:14:29-69
21    <uses-permission-sdk-23 android:name="android.permission.WRITE_EXTERNAL_STORAGE" />
21-->src/main/AndroidManifest.xml:15:5-88
21-->src/main/AndroidManifest.xml:15:29-85
22
23    <uses-feature
23-->src/main/AndroidManifest.xml:17:5-19:35
24        android:name="android.hardware.camera"
24-->src/main/AndroidManifest.xml:18:9-47
25        android:required="true" />
25-->src/main/AndroidManifest.xml:19:9-32
26
27    <uses-permission android:name="android.permission.READ_EXTERNAL_STORAGE" />
27-->[io.getstream:stream-chat-android-ui-components:4.23.0] AndroidManifest.xml:11:5-80
27-->[io.getstream:stream-chat-android-ui-components:4.23.0] AndroidManifest.xml:11:22-77
28
29    <queries>
29-->[io.getstream:stream-chat-android-ui-common:4.23.0] AndroidManifest.xml:10:5-17:15
30        <intent>
30-->[io.getstream:stream-chat-android-ui-common:4.23.0] AndroidManifest.xml:11:9-13:18
31            <action android:name="android.media.action.VIDEO_CAPTURE" />
31-->[io.getstream:stream-chat-android-ui-common:4.23.0] AndroidManifest.xml:12:13-73
31-->[io.getstream:stream-chat-android-ui-common:4.23.0] AndroidManifest.xml:12:21-70
32        </intent>
33        <intent>
33-->[io.getstream:stream-chat-android-ui-common:4.23.0] AndroidManifest.xml:14:9-16:18
34            <action android:name="android.media.action.IMAGE_CAPTURE" />
34-->[io.getstream:stream-chat-android-ui-common:4.23.0] AndroidManifest.xml:15:13-73
34-->[io.getstream:stream-chat-android-ui-common:4.23.0] AndroidManifest.xml:15:21-70
35        </intent>
36        <!-- Query Open Document -->
37        <intent>
37-->[com.github.dhaval2404:imagepicker:2.1] AndroidManifest.xml:16:9-18:18
38            <action android:name="android.intent.action.OPEN_DOCUMENT_TREE" />
38-->[com.github.dhaval2404:imagepicker:2.1] AndroidManifest.xml:17:13-79
38-->[com.github.dhaval2404:imagepicker:2.1] AndroidManifest.xml:17:21-76
39        </intent>
40        <intent>
40-->[androidx.media:media:1.3.0] AndroidManifest.xml:25:9-27:18
41            <action android:name="android.media.browse.MediaBrowserService" />
41-->[androidx.media:media:1.3.0] AndroidManifest.xml:26:13-79
41-->[androidx.media:media:1.3.0] AndroidManifest.xml:26:21-76
42        </intent>
43    </queries>
44
45    <uses-permission android:name="android.permission.WAKE_LOCK" />
45-->[androidx.work:work-runtime:2.7.0] AndroidManifest.xml:25:5-68
45-->[androidx.work:work-runtime:2.7.0] AndroidManifest.xml:25:22-65
46    <uses-permission android:name="android.permission.RECEIVE_BOOT_COMPLETED" />
46-->[androidx.work:work-runtime:2.7.0] AndroidManifest.xml:27:5-81
46-->[androidx.work:work-runtime:2.7.0] AndroidManifest.xml:27:22-78
47    <uses-permission android:name="android.permission.FOREGROUND_SERVICE" />
47-->[androidx.work:work-runtime:2.7.0] AndroidManifest.xml:28:5-77
47-->[androidx.work:work-runtime:2.7.0] AndroidManifest.xml:28:22-74
48    <uses-permission android:name="com.google.android.finsky.permission.BIND_GET_INSTALL_REFERRER_SERVICE" />
48-->[com.google.android.gms:play-services-measurement:20.0.0] AndroidManifest.xml:26:5-110
48-->[com.google.android.gms:play-services-measurement:20.0.0] AndroidManifest.xml:26:22-107
49
50    <application
50-->src/main/AndroidManifest.xml:21:5-77:19
51        android:appComponentFactory="androidx.core.app.CoreComponentFactory"
51-->[androidx.core:core:1.7.0] AndroidManifest.xml:24:18-86
52        android:debuggable="true"
53        android:extractNativeLibs="false"
54        android:icon="@mipmap/ic_launcher"
54-->src/main/AndroidManifest.xml:22:9-43
55        android:label="@string/app_name"
55-->src/main/AndroidManifest.xml:23:9-41
56        android:requestLegacyExternalStorage="true"
56-->src/main/AndroidManifest.xml:24:9-52
57        android:roundIcon="@mipmap/ic_launcher_round"
57-->src/main/AndroidManifest.xml:25:9-54
58        android:supportsRtl="true"
58-->src/main/AndroidManifest.xml:26:9-35
59        android:theme="@style/Theme.CapstoneMSIB" >
59-->src/main/AndroidManifest.xml:27:9-50
60        <activity
60-->src/main/AndroidManifest.xml:28:9-31:74
61            android:name="com.aldion.capstonemsib.ui.consultation.DetailPsychologistActivity"
61-->src/main/AndroidManifest.xml:29:13-71
62            android:exported="false"
62-->src/main/AndroidManifest.xml:30:13-37
63            android:theme="@style/Theme.AppCompat.DayNight.NoActionBar" />
63-->src/main/AndroidManifest.xml:31:13-72
64        <activity
64-->src/main/AndroidManifest.xml:32:9-35:75
65            android:name="com.aldion.capstonemsib.ui.signup.SignUpPhotoScreenActivity"
65-->src/main/AndroidManifest.xml:33:13-64
66            android:exported="false"
66-->src/main/AndroidManifest.xml:34:13-37
67            android:theme="@style/Theme.AppCompat.DayNight.NoActionBar" />
67-->src/main/AndroidManifest.xml:35:13-72
68        <activity
68-->src/main/AndroidManifest.xml:36:9-39:75
69            android:name="com.aldion.capstonemsib.ui.testscreen.question.QuestionTestActivity"
69-->src/main/AndroidManifest.xml:37:13-72
70            android:exported="false"
70-->src/main/AndroidManifest.xml:38:13-37
71            android:theme="@style/Theme.AppCompat.DayNight.NoActionBar" />
71-->src/main/AndroidManifest.xml:39:13-72
72        <activity
72-->src/main/AndroidManifest.xml:40:9-43:75
73            android:name="com.aldion.capstonemsib.ui.testscreen.result.ResultTestActivity"
73-->src/main/AndroidManifest.xml:41:13-68
74            android:exported="false"
74-->src/main/AndroidManifest.xml:42:13-37
75            android:theme="@style/Theme.AppCompat.DayNight.NoActionBar" />
75-->src/main/AndroidManifest.xml:43:13-72
76        <activity
76-->src/main/AndroidManifest.xml:44:9-47:63
77            android:name="com.aldion.capstonemsib.ui.signup.SignUpActivity"
77-->src/main/AndroidManifest.xml:45:13-53
78            android:exported="false"
78-->src/main/AndroidManifest.xml:46:13-37
79            android:theme="@style/Theme.Design.NoActionBar" />
79-->src/main/AndroidManifest.xml:47:13-60
80        <activity
80-->src/main/AndroidManifest.xml:48:9-51:63
81            android:name="com.aldion.capstonemsib.ui.signin.SignInActivity"
81-->src/main/AndroidManifest.xml:49:13-53
82            android:exported="false"
82-->src/main/AndroidManifest.xml:50:13-37
83            android:theme="@style/Theme.Design.NoActionBar" />
83-->src/main/AndroidManifest.xml:51:13-60
84        <activity
84-->src/main/AndroidManifest.xml:52:9-55:63
85            android:name="com.aldion.capstonemsib.ui.onboarding.OnBoardingThreeActivity"
85-->src/main/AndroidManifest.xml:53:13-66
86            android:exported="false"
86-->src/main/AndroidManifest.xml:54:13-37
87            android:theme="@style/Theme.Design.NoActionBar" />
87-->src/main/AndroidManifest.xml:55:13-60
88        <activity
88-->src/main/AndroidManifest.xml:56:9-59:63
89            android:name="com.aldion.capstonemsib.ui.onboarding.OnBoardingTwoActivity"
89-->src/main/AndroidManifest.xml:57:13-64
90            android:exported="false"
90-->src/main/AndroidManifest.xml:58:13-37
91            android:theme="@style/Theme.Design.NoActionBar" />
91-->src/main/AndroidManifest.xml:59:13-60
92        <activity
92-->src/main/AndroidManifest.xml:60:9-63:63
93            android:name="com.aldion.capstonemsib.ui.onboarding.OnBoardingOneActivity"
93-->src/main/AndroidManifest.xml:61:13-64
94            android:exported="true"
94-->src/main/AndroidManifest.xml:62:13-36
95            android:theme="@style/Theme.Design.NoActionBar" />
95-->src/main/AndroidManifest.xml:63:13-60
96        <activity
96-->src/main/AndroidManifest.xml:64:9-66:39
97            android:name="com.aldion.capstonemsib.ui.home.HomeActivity"
97-->src/main/AndroidManifest.xml:65:13-49
98            android:exported="true" />
98-->src/main/AndroidManifest.xml:66:13-36
99        <activity
99-->src/main/AndroidManifest.xml:67:9-76:20
100            android:name="com.aldion.capstonemsib.SplashActivity"
100-->src/main/AndroidManifest.xml:68:13-43
101            android:exported="true"
101-->src/main/AndroidManifest.xml:69:13-36
102            android:theme="@style/Theme.AppCompat.DayNight.NoActionBar" >
102-->src/main/AndroidManifest.xml:70:13-72
103            <intent-filter>
103-->src/main/AndroidManifest.xml:71:13-75:29
104                <action android:name="android.intent.action.MAIN" />
104-->src/main/AndroidManifest.xml:72:17-69
104-->src/main/AndroidManifest.xml:72:25-66
105
106                <category android:name="android.intent.category.LAUNCHER" />
106-->src/main/AndroidManifest.xml:74:17-77
106-->src/main/AndroidManifest.xml:74:27-74
107            </intent-filter>
108        </activity>
109
110        <provider
110-->[io.getstream:stream-chat-android-ui-components:4.23.0] AndroidManifest.xml:15:9-23:20
111            android:name="androidx.startup.InitializationProvider"
111-->[io.getstream:stream-chat-android-ui-components:4.23.0] AndroidManifest.xml:16:13-67
112            android:authorities="com.aldion.capstonemsib.androidx-startup"
112-->[io.getstream:stream-chat-android-ui-components:4.23.0] AndroidManifest.xml:17:13-68
113            android:exported="false" >
113-->[io.getstream:stream-chat-android-ui-components:4.23.0] AndroidManifest.xml:18:13-37
114            <meta-data
114-->[io.getstream:stream-chat-android-ui-components:4.23.0] AndroidManifest.xml:20:13-22:52
115                android:name="io.getstream.chat.android.ui.common.ChatUIInitializer"
115-->[io.getstream:stream-chat-android-ui-components:4.23.0] AndroidManifest.xml:21:17-85
116                android:value="androidx.startup" />
116-->[io.getstream:stream-chat-android-ui-components:4.23.0] AndroidManifest.xml:22:17-49
117            <meta-data
117-->[io.getstream:stream-chat-android-ui-common:4.23.0] AndroidManifest.xml:39:13-41:52
118                android:name="com.getstream.sdk.chat.startup.ThreeTenInitializer"
118-->[io.getstream:stream-chat-android-ui-common:4.23.0] AndroidManifest.xml:40:17-82
119                android:value="androidx.startup" />
119-->[io.getstream:stream-chat-android-ui-common:4.23.0] AndroidManifest.xml:41:17-49
120            <meta-data
120-->[androidx.work:work-runtime:2.7.0] AndroidManifest.xml:36:13-38:52
121                android:name="androidx.work.WorkManagerInitializer"
121-->[androidx.work:work-runtime:2.7.0] AndroidManifest.xml:37:17-68
122                android:value="androidx.startup" />
122-->[androidx.work:work-runtime:2.7.0] AndroidManifest.xml:38:17-49
123            <meta-data
123-->[androidx.emoji2:emoji2:1.0.0] AndroidManifest.xml:31:13-33:52
124                android:name="androidx.emoji2.text.EmojiCompatInitializer"
124-->[androidx.emoji2:emoji2:1.0.0] AndroidManifest.xml:32:17-75
125                android:value="androidx.startup" />
125-->[androidx.emoji2:emoji2:1.0.0] AndroidManifest.xml:33:17-49
126            <meta-data
126-->[androidx.lifecycle:lifecycle-process:2.4.0] AndroidManifest.xml:31:13-33:52
127                android:name="androidx.lifecycle.ProcessLifecycleInitializer"
127-->[androidx.lifecycle:lifecycle-process:2.4.0] AndroidManifest.xml:32:17-78
128                android:value="androidx.startup" />
128-->[androidx.lifecycle:lifecycle-process:2.4.0] AndroidManifest.xml:33:17-49
129        </provider>
130
131        <activity
131-->[io.getstream:stream-chat-android-ui-components:4.23.0] AndroidManifest.xml:25:9-28:65
132            android:name="io.getstream.chat.android.ui.gallery.AttachmentGalleryActivity"
132-->[io.getstream:stream-chat-android-ui-components:4.23.0] AndroidManifest.xml:26:13-90
133            android:exported="false"
133-->[io.getstream:stream-chat-android-ui-components:4.23.0] AndroidManifest.xml:27:13-37
134            android:theme="@style/StreamUi.AttachmentGallery" />
134-->[io.getstream:stream-chat-android-ui-components:4.23.0] AndroidManifest.xml:28:13-62
135        <activity
135-->[io.getstream:stream-chat-android-ui-components:4.23.0] AndroidManifest.xml:29:9-32:61
136            android:name="io.getstream.chat.android.ui.gallery.AttachmentMediaActivity"
136-->[io.getstream:stream-chat-android-ui-components:4.23.0] AndroidManifest.xml:30:13-88
137            android:exported="false"
137-->[io.getstream:stream-chat-android-ui-components:4.23.0] AndroidManifest.xml:31:13-37
138            android:theme="@style/StreamUi.MediaActivity" />
138-->[io.getstream:stream-chat-android-ui-components:4.23.0] AndroidManifest.xml:32:13-58
139        <activity
139-->[io.getstream:stream-chat-android-ui-components:4.23.0] AndroidManifest.xml:33:9-36:66
140            android:name="io.getstream.chat.android.ui.gallery.AttachmentActivity"
140-->[io.getstream:stream-chat-android-ui-components:4.23.0] AndroidManifest.xml:34:13-83
141            android:exported="false"
141-->[io.getstream:stream-chat-android-ui-components:4.23.0] AndroidManifest.xml:35:13-37
142            android:theme="@style/StreamUi.AttachmentActivity" />
142-->[io.getstream:stream-chat-android-ui-components:4.23.0] AndroidManifest.xml:36:13-63
143        <activity
143-->[io.getstream:stream-chat-android-ui-components:4.23.0] AndroidManifest.xml:37:9-39:40
144            android:name="io.getstream.chat.android.ui.channel.ChannelListActivity"
144-->[io.getstream:stream-chat-android-ui-components:4.23.0] AndroidManifest.xml:38:13-84
145            android:exported="false" />
145-->[io.getstream:stream-chat-android-ui-components:4.23.0] AndroidManifest.xml:39:13-37
146        <activity
146-->[io.getstream:stream-chat-android-ui-components:4.23.0] AndroidManifest.xml:40:9-42:40
147            android:name="io.getstream.chat.android.ui.message.MessageListActivity"
147-->[io.getstream:stream-chat-android-ui-components:4.23.0] AndroidManifest.xml:41:13-84
148            android:exported="false" />
148-->[io.getstream:stream-chat-android-ui-components:4.23.0] AndroidManifest.xml:42:13-37
149        <activity
149-->[io.getstream:stream-chat-android-ui-common:4.23.0] AndroidManifest.xml:20:9-23:75
150            android:name="com.getstream.sdk.chat.view.activity.AttachmentDocumentActivity"
150-->[io.getstream:stream-chat-android-ui-common:4.23.0] AndroidManifest.xml:21:13-91
151            android:exported="false"
151-->[io.getstream:stream-chat-android-ui-common:4.23.0] AndroidManifest.xml:22:13-37
152            android:theme="@style/Theme.AppCompat.DayNight.NoActionBar" />
152-->[io.getstream:stream-chat-android-ui-common:4.23.0] AndroidManifest.xml:23:13-72
153
154        <provider
154-->[io.getstream:stream-chat-android-ui-common:4.23.0] AndroidManifest.xml:25:9-33:20
155            android:name="com.getstream.sdk.chat.StreamFileProvider"
155-->[io.getstream:stream-chat-android-ui-common:4.23.0] AndroidManifest.xml:26:13-69
156            android:authorities="com.aldion.capstonemsib.streamfileprovider"
156-->[io.getstream:stream-chat-android-ui-common:4.23.0] AndroidManifest.xml:27:13-70
157            android:exported="false"
157-->[io.getstream:stream-chat-android-ui-common:4.23.0] AndroidManifest.xml:28:13-37
158            android:grantUriPermissions="true" >
158-->[io.getstream:stream-chat-android-ui-common:4.23.0] AndroidManifest.xml:29:13-47
159            <meta-data
159-->[io.getstream:stream-chat-android-ui-common:4.23.0] AndroidManifest.xml:30:13-32:60
160                android:name="android.support.FILE_PROVIDER_PATHS"
160-->[io.getstream:stream-chat-android-ui-common:4.23.0] AndroidManifest.xml:31:17-67
161                android:resource="@xml/stream_filepaths" />
161-->[io.getstream:stream-chat-android-ui-common:4.23.0] AndroidManifest.xml:32:17-57
162        </provider>
163
164        <service
164-->[com.google.firebase:firebase-storage-ktx:20.0.0] AndroidManifest.xml:12:9-18:19
165            android:name="com.google.firebase.components.ComponentDiscoveryService"
165-->[com.google.firebase:firebase-storage-ktx:20.0.0] AndroidManifest.xml:13:13-84
166            android:directBootAware="true"
166-->[com.google.firebase:firebase-common:20.0.0] AndroidManifest.xml:35:13-43
167            android:exported="false" >
167-->[com.google.firebase:firebase-storage-ktx:20.0.0] AndroidManifest.xml:14:13-37
168            <meta-data
168-->[com.google.firebase:firebase-storage-ktx:20.0.0] AndroidManifest.xml:15:13-17:85
169                android:name="com.google.firebase.components:com.google.firebase.storage.ktx.FirebaseStorageKtxRegistrar"
169-->[com.google.firebase:firebase-storage-ktx:20.0.0] AndroidManifest.xml:16:17-122
170                android:value="com.google.firebase.components.ComponentRegistrar" />
170-->[com.google.firebase:firebase-storage-ktx:20.0.0] AndroidManifest.xml:17:17-82
171            <meta-data
171-->[com.google.firebase:firebase-analytics-ktx:20.0.0] AndroidManifest.xml:11:13-13:85
172                android:name="com.google.firebase.components:com.google.firebase.analytics.ktx.FirebaseAnalyticsKtxRegistrar"
172-->[com.google.firebase:firebase-analytics-ktx:20.0.0] AndroidManifest.xml:12:17-126
173                android:value="com.google.firebase.components.ComponentRegistrar" />
173-->[com.google.firebase:firebase-analytics-ktx:20.0.0] AndroidManifest.xml:13:17-82
174            <meta-data
174-->[com.google.firebase:firebase-database-ktx:20.0.3] AndroidManifest.xml:15:13-17:85
175                android:name="com.google.firebase.components:com.google.firebase.database.ktx.FirebaseDatabaseKtxRegistrar"
175-->[com.google.firebase:firebase-database-ktx:20.0.3] AndroidManifest.xml:16:17-124
176                android:value="com.google.firebase.components.ComponentRegistrar" />
176-->[com.google.firebase:firebase-database-ktx:20.0.3] AndroidManifest.xml:17:17-82
177            <meta-data
177-->[com.google.firebase:firebase-common-ktx:20.0.0] AndroidManifest.xml:15:13-17:85
178                android:name="com.google.firebase.components:com.google.firebase.ktx.FirebaseCommonKtxRegistrar"
178-->[com.google.firebase:firebase-common-ktx:20.0.0] AndroidManifest.xml:16:17-113
179                android:value="com.google.firebase.components.ComponentRegistrar" />
179-->[com.google.firebase:firebase-common-ktx:20.0.0] AndroidManifest.xml:17:17-82
180            <meta-data
180-->[com.google.firebase:firebase-storage:20.0.0] AndroidManifest.xml:33:13-35:85
181                android:name="com.google.firebase.components:com.google.firebase.storage.StorageRegistrar"
181-->[com.google.firebase:firebase-storage:20.0.0] AndroidManifest.xml:34:17-107
182                android:value="com.google.firebase.components.ComponentRegistrar" />
182-->[com.google.firebase:firebase-storage:20.0.0] AndroidManifest.xml:35:17-82
183            <meta-data
183-->[com.google.firebase:firebase-database:20.0.3] AndroidManifest.xml:32:13-34:85
184                android:name="com.google.firebase.components:com.google.firebase.database.DatabaseRegistrar"
184-->[com.google.firebase:firebase-database:20.0.3] AndroidManifest.xml:33:17-109
185                android:value="com.google.firebase.components.ComponentRegistrar" />
185-->[com.google.firebase:firebase-database:20.0.3] AndroidManifest.xml:34:17-82
186            <meta-data
186-->[com.google.android.gms:play-services-measurement-api:20.0.0] AndroidManifest.xml:30:13-32:85
187                android:name="com.google.firebase.components:com.google.firebase.analytics.connector.internal.AnalyticsConnectorRegistrar"
187-->[com.google.android.gms:play-services-measurement-api:20.0.0] AndroidManifest.xml:31:17-139
188                android:value="com.google.firebase.components.ComponentRegistrar" />
188-->[com.google.android.gms:play-services-measurement-api:20.0.0] AndroidManifest.xml:32:17-82
189            <meta-data
189-->[com.google.firebase:firebase-installations:17.0.0] AndroidManifest.xml:18:13-20:85
190                android:name="com.google.firebase.components:com.google.firebase.installations.FirebaseInstallationsRegistrar"
190-->[com.google.firebase:firebase-installations:17.0.0] AndroidManifest.xml:19:17-127
191                android:value="com.google.firebase.components.ComponentRegistrar" />
191-->[com.google.firebase:firebase-installations:17.0.0] AndroidManifest.xml:20:17-82
192        </service>
193
194        <activity
194-->[com.github.dhaval2404:imagepicker:2.1] AndroidManifest.xml:22:9-25:68
195            android:name="com.github.dhaval2404.imagepicker.ImagePickerActivity"
195-->[com.github.dhaval2404:imagepicker:2.1] AndroidManifest.xml:23:13-81
196            android:screenOrientation="unspecified"
196-->[com.github.dhaval2404:imagepicker:2.1] AndroidManifest.xml:24:13-52
197            android:theme="@style/Theme.Transparent.ImagePicker" />
197-->[com.github.dhaval2404:imagepicker:2.1] AndroidManifest.xml:25:13-65
198        <activity
198-->[com.github.dhaval2404:imagepicker:2.1] AndroidManifest.xml:26:9-29:72
199            android:name="com.yalantis.ucrop.UCropActivity"
199-->[com.github.dhaval2404:imagepicker:2.1] AndroidManifest.xml:27:13-60
200            android:screenOrientation="portrait"
200-->[com.github.dhaval2404:imagepicker:2.1] AndroidManifest.xml:28:13-49
201            android:theme="@style/Theme.AppCompat.Light.NoActionBar" />
201-->[com.github.dhaval2404:imagepicker:2.1] AndroidManifest.xml:29:13-69
202
203        <provider
203-->[com.github.dhaval2404:imagepicker:2.1] AndroidManifest.xml:31:9-39:20
204            android:name="com.github.dhaval2404.imagepicker.ImagePickerFileProvider"
204-->[com.github.dhaval2404:imagepicker:2.1] AndroidManifest.xml:32:13-85
205            android:authorities="com.aldion.capstonemsib.imagepicker.provider"
205-->[com.github.dhaval2404:imagepicker:2.1] AndroidManifest.xml:33:13-72
206            android:exported="false"
206-->[com.github.dhaval2404:imagepicker:2.1] AndroidManifest.xml:34:13-37
207            android:grantUriPermissions="true" >
207-->[com.github.dhaval2404:imagepicker:2.1] AndroidManifest.xml:35:13-47
208            <meta-data
208-->[io.getstream:stream-chat-android-ui-common:4.23.0] AndroidManifest.xml:30:13-32:60
209                android:name="android.support.FILE_PROVIDER_PATHS"
209-->[io.getstream:stream-chat-android-ui-common:4.23.0] AndroidManifest.xml:31:17-67
210                android:resource="@xml/image_picker_provider_paths" />
210-->[io.getstream:stream-chat-android-ui-common:4.23.0] AndroidManifest.xml:32:17-57
211        </provider>
212
213        <receiver
213-->[io.getstream:stream-chat-android-client:4.23.0] AndroidManifest.xml:13:9-21:20
214            android:name="io.getstream.chat.android.client.receivers.NotificationMessageReceiver"
214-->[io.getstream:stream-chat-android-client:4.23.0] AndroidManifest.xml:14:13-98
215            android:enabled="true"
215-->[io.getstream:stream-chat-android-client:4.23.0] AndroidManifest.xml:15:13-35
216            android:exported="false" >
216-->[io.getstream:stream-chat-android-client:4.23.0] AndroidManifest.xml:16:13-37
217            <intent-filter>
217-->[io.getstream:stream-chat-android-client:4.23.0] AndroidManifest.xml:17:13-20:29
218                <action android:name="com.getstream.sdk.chat.READ" />
218-->[io.getstream:stream-chat-android-client:4.23.0] AndroidManifest.xml:18:17-70
218-->[io.getstream:stream-chat-android-client:4.23.0] AndroidManifest.xml:18:25-67
219                <action android:name="com.getstream.sdk.chat.REPLY" />
219-->[io.getstream:stream-chat-android-client:4.23.0] AndroidManifest.xml:19:17-71
219-->[io.getstream:stream-chat-android-client:4.23.0] AndroidManifest.xml:19:25-68
220            </intent-filter>
221        </receiver>
222
223        <activity
223-->[com.karumi:dexter:6.2.3] AndroidManifest.xml:27:9-29:72
224            android:name="com.karumi.dexter.DexterActivity"
224-->[com.karumi:dexter:6.2.3] AndroidManifest.xml:28:13-60
225            android:theme="@style/Dexter.Internal.Theme.Transparent" />
225-->[com.karumi:dexter:6.2.3] AndroidManifest.xml:29:13-69
226
227        <service
227-->[androidx.work:work-runtime:2.7.0] AndroidManifest.xml:41:9-46:35
228            android:name="androidx.work.impl.background.systemalarm.SystemAlarmService"
228-->[androidx.work:work-runtime:2.7.0] AndroidManifest.xml:42:13-88
229            android:directBootAware="false"
229-->[androidx.work:work-runtime:2.7.0] AndroidManifest.xml:43:13-44
230            android:enabled="@bool/enable_system_alarm_service_default"
230-->[androidx.work:work-runtime:2.7.0] AndroidManifest.xml:44:13-72
231            android:exported="false" />
231-->[androidx.work:work-runtime:2.7.0] AndroidManifest.xml:45:13-37
232        <service
232-->[androidx.work:work-runtime:2.7.0] AndroidManifest.xml:47:9-53:35
233            android:name="androidx.work.impl.background.systemjob.SystemJobService"
233-->[androidx.work:work-runtime:2.7.0] AndroidManifest.xml:48:13-84
234            android:directBootAware="false"
234-->[androidx.work:work-runtime:2.7.0] AndroidManifest.xml:49:13-44
235            android:enabled="@bool/enable_system_job_service_default"
235-->[androidx.work:work-runtime:2.7.0] AndroidManifest.xml:50:13-70
236            android:exported="true"
236-->[androidx.work:work-runtime:2.7.0] AndroidManifest.xml:51:13-36
237            android:permission="android.permission.BIND_JOB_SERVICE" />
237-->[androidx.work:work-runtime:2.7.0] AndroidManifest.xml:52:13-69
238        <service
238-->[androidx.work:work-runtime:2.7.0] AndroidManifest.xml:54:9-59:35
239            android:name="androidx.work.impl.foreground.SystemForegroundService"
239-->[androidx.work:work-runtime:2.7.0] AndroidManifest.xml:55:13-81
240            android:directBootAware="false"
240-->[androidx.work:work-runtime:2.7.0] AndroidManifest.xml:56:13-44
241            android:enabled="@bool/enable_system_foreground_service_default"
241-->[androidx.work:work-runtime:2.7.0] AndroidManifest.xml:57:13-77
242            android:exported="false" />
242-->[androidx.work:work-runtime:2.7.0] AndroidManifest.xml:58:13-37
243
244        <receiver
244-->[androidx.work:work-runtime:2.7.0] AndroidManifest.xml:61:9-66:35
245            android:name="androidx.work.impl.utils.ForceStopRunnable$BroadcastReceiver"
245-->[androidx.work:work-runtime:2.7.0] AndroidManifest.xml:62:13-88
246            android:directBootAware="false"
246-->[androidx.work:work-runtime:2.7.0] AndroidManifest.xml:63:13-44
247            android:enabled="true"
247-->[androidx.work:work-runtime:2.7.0] AndroidManifest.xml:64:13-35
248            android:exported="false" />
248-->[androidx.work:work-runtime:2.7.0] AndroidManifest.xml:65:13-37
249        <receiver
249-->[androidx.work:work-runtime:2.7.0] AndroidManifest.xml:67:9-77:20
250            android:name="androidx.work.impl.background.systemalarm.ConstraintProxy$BatteryChargingProxy"
250-->[androidx.work:work-runtime:2.7.0] AndroidManifest.xml:68:13-106
251            android:directBootAware="false"
251-->[androidx.work:work-runtime:2.7.0] AndroidManifest.xml:69:13-44
252            android:enabled="false"
252-->[androidx.work:work-runtime:2.7.0] AndroidManifest.xml:70:13-36
253            android:exported="false" >
253-->[androidx.work:work-runtime:2.7.0] AndroidManifest.xml:71:13-37
254            <intent-filter>
254-->[androidx.work:work-runtime:2.7.0] AndroidManifest.xml:73:13-76:29
255                <action android:name="android.intent.action.ACTION_POWER_CONNECTED" />
255-->[androidx.work:work-runtime:2.7.0] AndroidManifest.xml:74:17-87
255-->[androidx.work:work-runtime:2.7.0] AndroidManifest.xml:74:25-84
256                <action android:name="android.intent.action.ACTION_POWER_DISCONNECTED" />
256-->[androidx.work:work-runtime:2.7.0] AndroidManifest.xml:75:17-90
256-->[androidx.work:work-runtime:2.7.0] AndroidManifest.xml:75:25-87
257            </intent-filter>
258        </receiver>
259        <receiver
259-->[androidx.work:work-runtime:2.7.0] AndroidManifest.xml:78:9-88:20
260            android:name="androidx.work.impl.background.systemalarm.ConstraintProxy$BatteryNotLowProxy"
260-->[androidx.work:work-runtime:2.7.0] AndroidManifest.xml:79:13-104
261            android:directBootAware="false"
261-->[androidx.work:work-runtime:2.7.0] AndroidManifest.xml:80:13-44
262            android:enabled="false"